<?xml version="1.0" encoding="UTF-8"?>
<testsuite name="stepdefinitions.CucumberRunnerTests" tests="1" skipped="0" failures="1" errors="0" timestamp="2024-11-06T04:13:05" hostname="Martins-MBP" time="0.0">
  <properties/>
  <testcase name="classMethod" classname="stepdefinitions.CucumberRunnerTests" time="0.0">
    <failure message="io.cucumber.java.InvalidMethodException: You're not allowed to extend classes that define Step Definitions or hooks. class stepdefinitions.DeleteTodoSteps extends class stepdefinitions.BaseSteps" type="io.cucumber.java.InvalidMethodException">io.cucumber.java.InvalidMethodException: You're not allowed to extend classes that define Step Definitions or hooks. class stepdefinitions.DeleteTodoSteps extends class stepdefinitions.BaseSteps
	at app//io.cucumber.java.InvalidMethodException.createInvalidMethodException(InvalidMethodException.java:16)
	at app//io.cucumber.java.MethodScanner.validateMethod(MethodScanner.java:76)
	at app//io.cucumber.java.MethodScanner.scan(MethodScanner.java:66)
	at app//io.cucumber.java.MethodScanner.scan(MethodScanner.java:58)
	at app//io.cucumber.java.MethodScanner.scan(MethodScanner.java:33)
	at app//io.cucumber.java.JavaBackend.lambda$loadGlue$2(JavaBackend.java:41)
	at java.base@11.0.18/java.util.stream.ForEachOps$ForEachOp$OfRef.accept(ForEachOps.java:183)
	at java.base@11.0.18/java.util.stream.DistinctOps$1$2.accept(DistinctOps.java:175)
	at java.base@11.0.18/java.util.ArrayList$ArrayListSpliterator.forEachRemaining(ArrayList.java:1655)
	at java.base@11.0.18/java.util.stream.ReferencePipeline$Head.forEach(ReferencePipeline.java:658)
	at java.base@11.0.18/java.util.stream.ReferencePipeline$7$1.accept(ReferencePipeline.java:274)
	at java.base@11.0.18/java.util.stream.ReferencePipeline$3$1.accept(ReferencePipeline.java:195)
	at java.base@11.0.18/java.util.stream.ReferencePipeline$3$1.accept(ReferencePipeline.java:195)
	at java.base@11.0.18/java.util.stream.ReferencePipeline$2$1.accept(ReferencePipeline.java:177)
	at java.base@11.0.18/java.util.ArrayList$ArrayListSpliterator.forEachRemaining(ArrayList.java:1655)
	at java.base@11.0.18/java.util.stream.AbstractPipeline.copyInto(AbstractPipeline.java:484)
	at java.base@11.0.18/java.util.stream.AbstractPipeline.wrapAndCopyInto(AbstractPipeline.java:474)
	at java.base@11.0.18/java.util.stream.ForEachOps$ForEachOp.evaluateSequential(ForEachOps.java:150)
	at java.base@11.0.18/java.util.stream.ForEachOps$ForEachOp$OfRef.evaluateSequential(ForEachOps.java:173)
	at java.base@11.0.18/java.util.stream.AbstractPipeline.evaluate(AbstractPipeline.java:234)
	at java.base@11.0.18/java.util.stream.ReferencePipeline.forEach(ReferencePipeline.java:497)
	at app//io.cucumber.java.JavaBackend.loadGlue(JavaBackend.java:41)
	at app//io.cucumber.core.runner.Runner.&lt;init&gt;(Runner.java:56)
	at app//io.cucumber.core.runtime.ThreadLocalRunnerSupplier.createRunner(ThreadLocalRunnerSupplier.java:47)
	at java.base@11.0.18/java.lang.ThreadLocal$SuppliedThreadLocal.initialValue(ThreadLocal.java:305)
	at java.base@11.0.18/java.lang.ThreadLocal.setInitialValue(ThreadLocal.java:195)
	at java.base@11.0.18/java.lang.ThreadLocal.get(ThreadLocal.java:172)
	at app//io.cucumber.core.runtime.ThreadLocalRunnerSupplier.get(ThreadLocalRunnerSupplier.java:40)
	at app//io.cucumber.core.runtime.RethrowingThrowableCollector.executeAndThrow(RethrowingThrowableCollector.java:35)
	at app//io.cucumber.core.runtime.CucumberExecutionContext.getRunner(CucumberExecutionContext.java:134)
	at app//io.cucumber.core.runtime.CucumberExecutionContext.runAfterAllHooks(CucumberExecutionContext.java:91)
	at app//io.cucumber.junit.Cucumber$RunAfterAllHooks.evaluate(Cucumber.java:283)
	at app//io.cucumber.junit.Cucumber$StartTestRun.evaluate(Cucumber.java:233)
	at app//io.cucumber.junit.Cucumber$FinishTestRun.evaluate(Cucumber.java:248)
	at app//org.junit.runners.ParentRunner$3.evaluate(ParentRunner.java:306)
	at app//org.junit.runners.ParentRunner.run(ParentRunner.java:413)
	at org.gradle.api.internal.tasks.testing.junit.JUnitTestClassExecutor.runTestClass(JUnitTestClassExecutor.java:112)
	at org.gradle.api.internal.tasks.testing.junit.JUnitTestClassExecutor.execute(JUnitTestClassExecutor.java:58)
	at org.gradle.api.internal.tasks.testing.junit.JUnitTestClassExecutor.execute(JUnitTestClassExecutor.java:40)
	at org.gradle.api.internal.tasks.testing.junit.AbstractJUnitTestClassProcessor.processTestClass(AbstractJUnitTestClassProcessor.java:60)
	at org.gradle.api.internal.tasks.testing.SuiteTestClassProcessor.processTestClass(SuiteTestClassProcessor.java:52)
	at java.base@11.0.18/jdk.internal.reflect.NativeMethodAccessorImpl.invoke0(Native Method)
	at java.base@11.0.18/jdk.internal.reflect.NativeMethodAccessorImpl.invoke(NativeMethodAccessorImpl.java:62)
	at java.base@11.0.18/jdk.internal.reflect.DelegatingMethodAccessorImpl.invoke(DelegatingMethodAccessorImpl.java:43)
	at java.base@11.0.18/java.lang.reflect.Method.invoke(Method.java:566)
	at org.gradle.internal.dispatch.ReflectionDispatch.dispatch(ReflectionDispatch.java:36)
	at org.gradle.internal.dispatch.ReflectionDispatch.dispatch(ReflectionDispatch.java:24)
	at org.gradle.internal.dispatch.ContextClassLoaderDispatch.dispatch(ContextClassLoaderDispatch.java:33)
	at org.gradle.internal.dispatch.ProxyDispatchAdapter$DispatchingInvocationHandler.invoke(ProxyDispatchAdapter.java:94)
	at com.sun.proxy.$Proxy2.processTestClass(Unknown Source)
	at org.gradle.api.internal.tasks.testing.worker.TestWorker$2.run(TestWorker.java:176)
	at org.gradle.api.internal.tasks.testing.worker.TestWorker.executeAndMaintainThreadName(TestWorker.java:129)
	at org.gradle.api.internal.tasks.testing.worker.TestWorker.execute(TestWorker.java:100)
	at org.gradle.api.internal.tasks.testing.worker.TestWorker.execute(TestWorker.java:60)
	at org.gradle.process.internal.worker.child.ActionExecutionWorker.execute(ActionExecutionWorker.java:56)
	at org.gradle.process.internal.worker.child.SystemApplicationClassLoaderWorker.call(SystemApplicationClassLoaderWorker.java:113)
	at org.gradle.process.internal.worker.child.SystemApplicationClassLoaderWorker.call(SystemApplicationClassLoaderWorker.java:65)
	at app//worker.org.gradle.process.internal.worker.GradleWorkerMain.run(GradleWorkerMain.java:69)
	at app//worker.org.gradle.process.internal.worker.GradleWorkerMain.main(GradleWorkerMain.java:74)
</failure>
  </testcase>
  <system-out><![CDATA[      io.cucumber.core.exception.CompositeCucumberException: There were 2 exceptions. The details are in the stacktrace below.
	at io.cucumber.core.runtime.RethrowingThrowableCollector.getThrowable(RethrowingThrowableCollector.java:57)
	at io.cucumber.core.runtime.CucumberExecutionContext.getThrowable(CucumberExecutionContext.java:102)
	at io.cucumber.core.runtime.CucumberExecutionContext.finishTestRun(CucumberExecutionContext.java:97)
	at io.cucumber.junit.Cucumber$FinishTestRun.evaluate(Cucumber.java:250)
	at org.junit.runners.ParentRunner$3.evaluate(ParentRunner.java:306)
	at org.junit.runners.ParentRunner.run(ParentRunner.java:413)
	at org.gradle.api.internal.tasks.testing.junit.JUnitTestClassExecutor.runTestClass(JUnitTestClassExecutor.java:112)
	at org.gradle.api.internal.tasks.testing.junit.JUnitTestClassExecutor.execute(JUnitTestClassExecutor.java:58)
	at org.gradle.api.internal.tasks.testing.junit.JUnitTestClassExecutor.execute(JUnitTestClassExecutor.java:40)
	at org.gradle.api.internal.tasks.testing.junit.AbstractJUnitTestClassProcessor.processTestClass(AbstractJUnitTestClassProcessor.java:60)
	at org.gradle.api.internal.tasks.testing.SuiteTestClassProcessor.processTestClass(SuiteTestClassProcessor.java:52)
	at java.base/jdk.internal.reflect.NativeMethodAccessorImpl.invoke0(Native Method)
	at java.base/jdk.internal.reflect.NativeMethodAccessorImpl.invoke(NativeMethodAccessorImpl.java:62)
	at java.base/jdk.internal.reflect.DelegatingMethodAccessorImpl.invoke(DelegatingMethodAccessorImpl.java:43)
	at java.base/java.lang.reflect.Method.invoke(Method.java:566)
	at org.gradle.internal.dispatch.ReflectionDispatch.dispatch(ReflectionDispatch.java:36)
	at org.gradle.internal.dispatch.ReflectionDispatch.dispatch(ReflectionDispatch.java:24)
	at org.gradle.internal.dispatch.ContextClassLoaderDispatch.dispatch(ContextClassLoaderDispatch.java:33)
	at org.gradle.internal.dispatch.ProxyDispatchAdapter$DispatchingInvocationHandler.invoke(ProxyDispatchAdapter.java:94)
	at com.sun.proxy.$Proxy2.processTestClass(Unknown Source)
	at org.gradle.api.internal.tasks.testing.worker.TestWorker$2.run(TestWorker.java:176)
	at org.gradle.api.internal.tasks.testing.worker.TestWorker.executeAndMaintainThreadName(TestWorker.java:129)
	at org.gradle.api.internal.tasks.testing.worker.TestWorker.execute(TestWorker.java:100)
	at org.gradle.api.internal.tasks.testing.worker.TestWorker.execute(TestWorker.java:60)
	at org.gradle.process.internal.worker.child.ActionExecutionWorker.execute(ActionExecutionWorker.java:56)
	at org.gradle.process.internal.worker.child.SystemApplicationClassLoaderWorker.call(SystemApplicationClassLoaderWorker.java:113)
	at org.gradle.process.internal.worker.child.SystemApplicationClassLoaderWorker.call(SystemApplicationClassLoaderWorker.java:65)
	at worker.org.gradle.process.internal.worker.GradleWorkerMain.run(GradleWorkerMain.java:69)
	at worker.org.gradle.process.internal.worker.GradleWorkerMain.main(GradleWorkerMain.java:74)
	Suppressed: io.cucumber.java.InvalidMethodException: You're not allowed to extend classes that define Step Definitions or hooks. class stepdefinitions.DeleteTodoSteps extends class stepdefinitions.BaseSteps
		at io.cucumber.java.InvalidMethodException.createInvalidMethodException(InvalidMethodException.java:16)
		at io.cucumber.java.MethodScanner.validateMethod(MethodScanner.java:76)
		at io.cucumber.java.MethodScanner.scan(MethodScanner.java:66)
		at io.cucumber.java.MethodScanner.scan(MethodScanner.java:58)
		at io.cucumber.java.MethodScanner.scan(MethodScanner.java:33)
		at io.cucumber.java.JavaBackend.lambda$loadGlue$2(JavaBackend.java:41)
		at java.base/java.util.stream.ForEachOps$ForEachOp$OfRef.accept(ForEachOps.java:183)
		at java.base/java.util.stream.DistinctOps$1$2.accept(DistinctOps.java:175)
		at java.base/java.util.ArrayList$ArrayListSpliterator.forEachRemaining(ArrayList.java:1655)
		at java.base/java.util.stream.ReferencePipeline$Head.forEach(ReferencePipeline.java:658)
		at java.base/java.util.stream.ReferencePipeline$7$1.accept(ReferencePipeline.java:274)
		at java.base/java.util.stream.ReferencePipeline$3$1.accept(ReferencePipeline.java:195)
		at java.base/java.util.stream.ReferencePipeline$3$1.accept(ReferencePipeline.java:195)
		at java.base/java.util.stream.ReferencePipeline$2$1.accept(ReferencePipeline.java:177)
		at java.base/java.util.ArrayList$ArrayListSpliterator.forEachRemaining(ArrayList.java:1655)
		at java.base/java.util.stream.AbstractPipeline.copyInto(AbstractPipeline.java:484)
		at java.base/java.util.stream.AbstractPipeline.wrapAndCopyInto(AbstractPipeline.java:474)
		at java.base/java.util.stream.ForEachOps$ForEachOp.evaluateSequential(ForEachOps.java:150)
		at java.base/java.util.stream.ForEachOps$ForEachOp$OfRef.evaluateSequential(ForEachOps.java:173)
		at java.base/java.util.stream.AbstractPipeline.evaluate(AbstractPipeline.java:234)
		at java.base/java.util.stream.ReferencePipeline.forEach(ReferencePipeline.java:497)
		at io.cucumber.java.JavaBackend.loadGlue(JavaBackend.java:41)
		at io.cucumber.core.runner.Runner.<init>(Runner.java:56)
		at io.cucumber.core.runtime.ThreadLocalRunnerSupplier.createRunner(ThreadLocalRunnerSupplier.java:47)
		at java.base/java.lang.ThreadLocal$SuppliedThreadLocal.initialValue(ThreadLocal.java:305)
		at java.base/java.lang.ThreadLocal.setInitialValue(ThreadLocal.java:195)
		at java.base/java.lang.ThreadLocal.get(ThreadLocal.java:172)
		at io.cucumber.core.runtime.ThreadLocalRunnerSupplier.get(ThreadLocalRunnerSupplier.java:40)
		at io.cucumber.core.runtime.RethrowingThrowableCollector.executeAndThrow(RethrowingThrowableCollector.java:35)
		at io.cucumber.core.runtime.CucumberExecutionContext.getRunner(CucumberExecutionContext.java:134)
		at io.cucumber.core.runtime.CucumberExecutionContext.runBeforeAllHooks(CucumberExecutionContext.java:86)
		at io.cucumber.junit.Cucumber$RunBeforeAllHooks.evaluate(Cucumber.java:265)
		at io.cucumber.junit.Cucumber$RunAfterAllHooks.evaluate(Cucumber.java:281)
		at io.cucumber.junit.Cucumber$StartTestRun.evaluate(Cucumber.java:233)
		at io.cucumber.junit.Cucumber$FinishTestRun.evaluate(Cucumber.java:248)
		... 25 more
	Suppressed: io.cucumber.java.InvalidMethodException: You're not allowed to extend classes that define Step Definitions or hooks. class stepdefinitions.DeleteTodoSteps extends class stepdefinitions.BaseSteps
		at io.cucumber.java.InvalidMethodException.createInvalidMethodException(InvalidMethodException.java:16)
		at io.cucumber.java.MethodScanner.validateMethod(MethodScanner.java:76)
		at io.cucumber.java.MethodScanner.scan(MethodScanner.java:66)
		at io.cucumber.java.MethodScanner.scan(MethodScanner.java:58)
		at io.cucumber.java.MethodScanner.scan(MethodScanner.java:33)
		at io.cucumber.java.JavaBackend.lambda$loadGlue$2(JavaBackend.java:41)
		at java.base/java.util.stream.ForEachOps$ForEachOp$OfRef.accept(ForEachOps.java:183)
		at java.base/java.util.stream.DistinctOps$1$2.accept(DistinctOps.java:175)
		at java.base/java.util.ArrayList$ArrayListSpliterator.forEachRemaining(ArrayList.java:1655)
		at java.base/java.util.stream.ReferencePipeline$Head.forEach(ReferencePipeline.java:658)
		at java.base/java.util.stream.ReferencePipeline$7$1.accept(ReferencePipeline.java:274)
		at java.base/java.util.stream.ReferencePipeline$3$1.accept(ReferencePipeline.java:195)
		at java.base/java.util.stream.ReferencePipeline$3$1.accept(ReferencePipeline.java:195)
		at java.base/java.util.stream.ReferencePipeline$2$1.accept(ReferencePipeline.java:177)
		at java.base/java.util.ArrayList$ArrayListSpliterator.forEachRemaining(ArrayList.java:1655)
		at java.base/java.util.stream.AbstractPipeline.copyInto(AbstractPipeline.java:484)
		at java.base/java.util.stream.AbstractPipeline.wrapAndCopyInto(AbstractPipeline.java:474)
		at java.base/java.util.stream.ForEachOps$ForEachOp.evaluateSequential(ForEachOps.java:150)
		at java.base/java.util.stream.ForEachOps$ForEachOp$OfRef.evaluateSequential(ForEachOps.java:173)
		at java.base/java.util.stream.AbstractPipeline.evaluate(AbstractPipeline.java:234)
		at java.base/java.util.stream.ReferencePipeline.forEach(ReferencePipeline.java:497)
		at io.cucumber.java.JavaBackend.loadGlue(JavaBackend.java:41)
		at io.cucumber.core.runner.Runner.<init>(Runner.java:56)
		at io.cucumber.core.runtime.ThreadLocalRunnerSupplier.createRunner(ThreadLocalRunnerSupplier.java:47)
		at java.base/java.lang.ThreadLocal$SuppliedThreadLocal.initialValue(ThreadLocal.java:305)
		at java.base/java.lang.ThreadLocal.setInitialValue(ThreadLocal.java:195)
		at java.base/java.lang.ThreadLocal.get(ThreadLocal.java:172)
		at io.cucumber.core.runtime.ThreadLocalRunnerSupplier.get(ThreadLocalRunnerSupplier.java:40)
		at io.cucumber.core.runtime.RethrowingThrowableCollector.executeAndThrow(RethrowingThrowableCollector.java:35)
		at io.cucumber.core.runtime.CucumberExecutionContext.getRunner(CucumberExecutionContext.java:134)
		at io.cucumber.core.runtime.CucumberExecutionContext.runAfterAllHooks(CucumberExecutionContext.java:91)
		at io.cucumber.junit.Cucumber$RunAfterAllHooks.evaluate(Cucumber.java:283)
		at io.cucumber.junit.Cucumber$StartTestRun.evaluate(Cucumber.java:233)
		at io.cucumber.junit.Cucumber$FinishTestRun.evaluate(Cucumber.java:248)
		... 25 more

]]></system-out>
  <system-err><![CDATA[┌───────────────────────────────────────────────────────────────────────────────────┐
│ Share your Cucumber Report with your team at https://reports.cucumber.io          │
│ Activate publishing with one of the following:                                    │
│                                                                                   │
│ src/test/resources/cucumber.properties:          cucumber.publish.enabled=true    │
│ src/test/resources/junit-platform.properties:    cucumber.publish.enabled=true    │
│ Environment variable:                            CUCUMBER_PUBLISH_ENABLED=true    │
│ JUnit:                                           @CucumberOptions(publish = true) │
│                                                                                   │
│ More information at https://cucumber.io/docs/cucumber/environment-variables/      │
│                                                                                   │
│ Disable this message with one of the following:                                   │
│                                                                                   │
│ src/test/resources/cucumber.properties:          cucumber.publish.quiet=true      │
│ src/test/resources/junit-platform.properties:    cucumber.publish.quiet=true      │
└───────────────────────────────────────────────────────────────────────────────────┘
]]></system-err>
</testsuite>
